----- Start -----
Order latest: 2015-12-11 06:52:54 [2015-12-11 06:52:54] 0(1200)
TargetValue latest update: [2015-12-11 06:52:54] 0(43200)
No value for WaterOut
-----End-----
No value for SmokeTemp
-----End-----
No value for OutdoorTemp
-----End-----
No value for IndoorTemp
-----End-----
TargetValue=default(40)
TargetValue=40
Indoor=99999
WaterOut=99999
OutdoorTemp=99999
SmokeTemp=99999
Delta=-199958
Action:
-----End-----
----- Start -----
Order latest: 2015-12-11 06:52:58 [2015-12-11 06:52:54] 4(1200)
TargetValue latest update: [2015-12-11 06:52:54] 4(43200)
No value for WaterOut
-----End-----
No value for SmokeTemp
-----End-----
No value for OutdoorTemp
-----End-----
No value for IndoorTemp
-----End-----
TargetValue=40
Indoor=99999
WaterOut=99999
OutdoorTemp=99999
SmokeTemp=99999
Delta=-199958
Action:
-----End-----
----- Start -----
Order latest: 2015-12-11 06:53:02 [2015-12-11 06:52:54] 8(1200)
TargetValue latest update: [2015-12-11 06:52:54] 8(43200)
No value for WaterOut
-----End-----
No value for SmokeTemp
-----End-----
No value for OutdoorTemp
-----End-----
No value for IndoorTemp
-----End-----
TargetValue=40
Indoor=99999
WaterOut=99999
OutdoorTemp=99999
SmokeTemp=99999
Delta=-199958
Action:
-----End-----
----- Start -----
Order latest: 2015-12-11 06:53:06 [2015-12-11 06:52:54] 12(1200)
TargetValue latest update: [2015-12-11 06:52:54] 12(43200)
No value for WaterOut
-----End-----
No value for SmokeTemp
-----End-----
No value for OutdoorTemp
-----End-----
No value for IndoorTemp
-----End-----
TargetValue=40
Indoor=99999
WaterOut=99999
OutdoorTemp=99999
SmokeTemp=99999
Delta=-199958
Action:
-----End-----
